[时间:2016-02-19 06:17:58] [级别:INFO] [类:org.springframework.web.context.ContextLoader]  [消息:Root WebApplicationContext: initialization started] 
 [时间:2016-02-19 06:17:58] [级别:INFO] [类:org.springframework.web.context.support.XmlWebApplicationContext]  [消息:Refreshing Root WebApplicationContext: startup date [Fri Feb 19 18:17:58 CST 2016]; root of context hierarchy] 
 [时间:2016-02-19 06:17:58] [级别:INFO] [类:org.springframework.beans.factory.xml.XmlBeanDefinitionReader]  [消息:Loading XML bean definitions from class path resource [spring/applicationContext.xml]] 
 [时间:2016-02-19 06:17:58] [级别:INFO] [类:org.springframework.beans.factory.annotation.AutowiredAnnotationBeanPostProcessor]  [消息:JSR-330 'javax.inject.Inject' annotation found and supported for autowiring] 
 [时间:2016-02-19 06:17:58] [级别:INFO] [类:org.springframework.beans.factory.annotation.AutowiredAnnotationBeanPostProcessor]  [消息:JSR-330 'javax.inject.Inject' annotation found and supported for autowiring] 
 [时间:2016-02-19 06:17:58] [级别:INFO] [类:org.springframework.web.context.ContextLoader]  [消息:Root WebApplicationContext: initialization completed in 447 ms] 
 [时间:2016-02-19 06:18:19] [级别:INFO] [类:org.springframework.web.servlet.DispatcherServlet]  [消息:FrameworkServlet 'dispatcher': initialization started] 
 [时间:2016-02-19 06:18:19] [级别:INFO] [类:org.springframework.web.context.support.XmlWebApplicationContext]  [消息:Refreshing WebApplicationContext for namespace 'dispatcher-servlet': startup date [Fri Feb 19 18:18:19 CST 2016]; parent: Root WebApplicationContext] 
 [时间:2016-02-19 06:18:19] [级别:INFO] [类:org.springframework.beans.factory.xml.XmlBeanDefinitionReader]  [消息:Loading XML bean definitions from class path resource [spring/dispatcher-servlet.xml]] 
 [时间:2016-02-19 06:18:19] [级别:INFO] [类:org.springframework.beans.factory.annotation.AutowiredAnnotationBeanPostProcessor]  [消息:JSR-330 'javax.inject.Inject' annotation found and supported for autowiring] 
 [时间:2016-02-19 06:18:19] [级别:INFO] [类:org.springframework.web.servlet.handler.SimpleUrlHandlerMapping]  [消息:Mapped URL path [/js/**] onto handler 'org.springframework.web.servlet.resource.ResourceHttpRequestHandler#0'] 
 [时间:2016-02-19 06:18:19] [级别:INFO] [类:org.springframework.web.servlet.mvc.annotation.DefaultAnnotationHandlerMapping]  [消息:Mapped URL path [/captcher/startCapcha] onto handler 'captchaController'] 
 [时间:2016-02-19 06:18:19] [级别:INFO] [类:org.springframework.web.servlet.mvc.annotation.DefaultAnnotationHandlerMapping]  [消息:Mapped URL path [/captcher/startCapcha.*] onto handler 'captchaController'] 
 [时间:2016-02-19 06:18:19] [级别:INFO] [类:org.springframework.web.servlet.mvc.annotation.DefaultAnnotationHandlerMapping]  [消息:Mapped URL path [/captcher/startCapcha/] onto handler 'captchaController'] 
 [时间:2016-02-19 06:18:19] [级别:INFO] [类:org.springframework.web.servlet.mvc.annotation.DefaultAnnotationHandlerMapping]  [消息:Mapped URL path [/captcher/validateLogin] onto handler 'captchaController'] 
 [时间:2016-02-19 06:18:19] [级别:INFO] [类:org.springframework.web.servlet.mvc.annotation.DefaultAnnotationHandlerMapping]  [消息:Mapped URL path [/captcher/validateLogin.*] onto handler 'captchaController'] 
 [时间:2016-02-19 06:18:19] [级别:INFO] [类:org.springframework.web.servlet.mvc.annotation.DefaultAnnotationHandlerMapping]  [消息:Mapped URL path [/captcher/validateLogin/] onto handler 'captchaController'] 
 [时间:2016-02-19 06:18:20] [级别:INFO] [类:org.springframework.web.servlet.handler.SimpleUrlHandlerMapping]  [消息:Mapped URL path [/**] onto handler 'org.springframework.web.servlet.resource.DefaultServletHttpRequestHandler#0'] 
 [时间:2016-02-19 06:18:20] [级别:INFO] [类:org.springframework.web.servlet.DispatcherServlet]  [消息:FrameworkServlet 'dispatcher': initialization completed in 810 ms] 
 [时间:2016-02-19 06:22:35] [级别:INFO] [类:org.springframework.web.context.ContextLoader]  [消息:Root WebApplicationContext: initialization started] 
 [时间:2016-02-19 06:22:35] [级别:INFO] [类:org.springframework.web.context.support.XmlWebApplicationContext]  [消息:Refreshing Root WebApplicationContext: startup date [Fri Feb 19 18:22:35 CST 2016]; root of context hierarchy] 
 [时间:2016-02-19 06:22:36] [级别:INFO] [类:org.springframework.beans.factory.xml.XmlBeanDefinitionReader]  [消息:Loading XML bean definitions from class path resource [spring/applicationContext.xml]] 
 [时间:2016-02-19 06:22:36] [级别:INFO] [类:org.springframework.beans.factory.annotation.AutowiredAnnotationBeanPostProcessor]  [消息:JSR-330 'javax.inject.Inject' annotation found and supported for autowiring] 
 [时间:2016-02-19 06:22:36] [级别:INFO] [类:org.springframework.beans.factory.annotation.AutowiredAnnotationBeanPostProcessor]  [消息:JSR-330 'javax.inject.Inject' annotation found and supported for autowiring] 
 [时间:2016-02-19 06:22:36] [级别:INFO] [类:org.springframework.web.context.ContextLoader]  [消息:Root WebApplicationContext: initialization completed in 438 ms] 
 [时间:2016-02-19 06:22:39] [级别:INFO] [类:org.springframework.web.servlet.DispatcherServlet]  [消息:FrameworkServlet 'dispatcher': initialization started] 
 [时间:2016-02-19 06:22:39] [级别:INFO] [类:org.springframework.web.context.support.XmlWebApplicationContext]  [消息:Refreshing WebApplicationContext for namespace 'dispatcher-servlet': startup date [Fri Feb 19 18:22:39 CST 2016]; parent: Root WebApplicationContext] 
 [时间:2016-02-19 06:22:39] [级别:INFO] [类:org.springframework.beans.factory.xml.XmlBeanDefinitionReader]  [消息:Loading XML bean definitions from class path resource [spring/dispatcher-servlet.xml]] 
 [时间:2016-02-19 06:22:39] [级别:INFO] [类:org.springframework.beans.factory.annotation.AutowiredAnnotationBeanPostProcessor]  [消息:JSR-330 'javax.inject.Inject' annotation found and supported for autowiring] 
 [时间:2016-02-19 06:22:39] [级别:INFO] [类:org.springframework.web.servlet.handler.SimpleUrlHandlerMapping]  [消息:Mapped URL path [/js/**] onto handler 'org.springframework.web.servlet.resource.ResourceHttpRequestHandler#0'] 
 [时间:2016-02-19 06:22:39] [级别:INFO] [类:org.springframework.web.servlet.mvc.annotation.DefaultAnnotationHandlerMapping]  [消息:Mapped URL path [/captcher/startCapcha] onto handler 'captchaController'] 
 [时间:2016-02-19 06:22:39] [级别:INFO] [类:org.springframework.web.servlet.mvc.annotation.DefaultAnnotationHandlerMapping]  [消息:Mapped URL path [/captcher/startCapcha.*] onto handler 'captchaController'] 
 [时间:2016-02-19 06:22:39] [级别:INFO] [类:org.springframework.web.servlet.mvc.annotation.DefaultAnnotationHandlerMapping]  [消息:Mapped URL path [/captcher/startCapcha/] onto handler 'captchaController'] 
 [时间:2016-02-19 06:22:39] [级别:INFO] [类:org.springframework.web.servlet.mvc.annotation.DefaultAnnotationHandlerMapping]  [消息:Mapped URL path [/captcher/validateLogin] onto handler 'captchaController'] 
 [时间:2016-02-19 06:22:39] [级别:INFO] [类:org.springframework.web.servlet.mvc.annotation.DefaultAnnotationHandlerMapping]  [消息:Mapped URL path [/captcher/validateLogin.*] onto handler 'captchaController'] 
 [时间:2016-02-19 06:22:39] [级别:INFO] [类:org.springframework.web.servlet.mvc.annotation.DefaultAnnotationHandlerMapping]  [消息:Mapped URL path [/captcher/validateLogin/] onto handler 'captchaController'] 
 [时间:2016-02-19 06:22:39] [级别:INFO] [类:org.springframework.web.servlet.handler.SimpleUrlHandlerMapping]  [消息:Mapped URL path [/**] onto handler 'org.springframework.web.servlet.resource.DefaultServletHttpRequestHandler#0'] 
 [时间:2016-02-19 06:22:39] [级别:INFO] [类:org.springframework.web.servlet.DispatcherServlet]  [消息:FrameworkServlet 'dispatcher': initialization completed in 738 ms] 
 